<?xml version="1.0" encoding="UTF-8"?>
<testsuite xmlns:xsi="http://www.w3.org/2001/XMLSchema-instance" xsi:noNamespaceSchemaLocation="https://maven.apache.org/surefire/maven-surefire-plugin/xsd/surefire-test-report-3.0.xsd" version="3.0" name="StepDefinitions.TestRunner" time="34.397" tests="3" errors="1" skipped="0" failures="0">
  <properties>
[...]
</properties>
  <testcase name="user login" classname="login" time="30.899">
    <system-out><![CDATA[
Scenario: user login             # src/test/resources/Features/login.feature:3
https://rahulshettyacademy.com/seleniumPractise/#/
  Given User navigate to the URL # StepDefinitions.LoginSteps.User_navigate_to_the_url()
  And User Captures Screenshot   # StepDefinitions.LoginSteps.And_User_Captures_Screenshot()
  When user perform E2E          # StepDefinitions.LoginSteps.user_perform_E2E()
]]></system-out>
    <system-err><![CDATA[SLF4J(W): No SLF4J providers were found.
SLF4J(W): Defaulting to no-operation (NOP) logger implementation
SLF4J(W): See https://www.slf4j.org/codes.html#noProviders for further details.
Jun 27, 2024 1:20:57 AM org.openqa.selenium.devtools.CdpVersionFinder findNearestMatch
WARNING: Unable to find an exact match for CDP version 126, returning the closest version; found: 125; Please update to a Selenium version that supports CDP version 126
]]></system-err>
  </testcase>
  <testcase name="Verify if place is being Succesfully added using AddPlaceAPI" classname="Validating place API&apos;s" time="2.402">
    <error message="For input string: &quot;[name:hipo, website:http://hipolabs.com]&quot;" type="java.lang.NumberFormatException"><![CDATA[java.lang.NumberFormatException: For input string: "[name:hipo, website:http://hipolabs.com]"
	at java.base/java.lang.NumberFormatException.forInputString(NumberFormatException.java:65)
	at java.base/java.lang.Integer.parseInt(Integer.java:652)
	at java.base/java.lang.Integer.parseInt(Integer.java:770)
	at java_lang_Integer$parseInt.call(Unknown Source)
	at org.codehaus.groovy.runtime.callsite.CallSiteArray.defaultCall(CallSiteArray.java:45)
	at org.codehaus.groovy.runtime.callsite.AbstractCallSite.call(AbstractCallSite.java:125)
	at org.codehaus.groovy.runtime.callsite.AbstractCallSite.call(AbstractCallSite.java:139)
	at io.restassured.internal.common.path.ObjectConverter.convertObjectTo(ObjectConverter.groovy:29)
	at io.restassured.path.json.JsonPath.getInt(JsonPath.java:245)
	at StepDefinitions.AddPlaceAPI.add_place_payload(AddPlaceAPI.java:26)
	at ✽.Add Place Payload(file:///C:/Users/rahulvaid/Automation%20repos/Main_GIT/CucumberJava/src/test/resources/Features/placeValidations.feature:6)
]]></error>
    <system-out><![CDATA[
Scenario: Verify if place is being Succesfully added using AddPlaceAPI # src/test/resources/Features/placeValidations.feature:5
Request method:	GET
Request URI:	http://universities.hipolabs.com/?country=South+Africa
Proxy:			<none>
Request params:	<none>
Query params:	country=South+Africa
Form params:	<none>
Path params:	<none>
Headers:		Accept=*/*
Cookies:		<none>
Multiparts:		<none>
Body:			<none>
HTTP/1.1 200 OK
Server: nginx/1.14.0
Date: Wed, 26 Jun 2024 19:51:27 GMT
Content-Type: application/json
Content-Length: 204
Connection: keep-alive
Access-Control-Allow-Origin: *

{
    "github": "https://github.com/Hipo/university-domains-list",
    "author": {
        "name": "hipo",
        "website": "http://hipolabs.com"
    },
    "example": "http://universities.hipolabs.com/search?name=middle&country=Turkey"
}
Here is yr response:   =============>{"github": "https://github.com/Hipo/university-domains-list", "author": {"name": "hipo", "website": "http://hipolabs.com"}, "example": "http://universities.hipolabs.com/search?name=middle&country=Turkey"}
This is what you are looking for :  https://github.com/Hipo/university-domains-list
This is what you are looking for 2:  [name:hipo, website:http://hipolabs.com]
  Given Add Place Payload                                              # StepDefinitions.AddPlaceAPI.add_place_payload()
      java.lang.NumberFormatException: For input string: "[name:hipo, website:http://hipolabs.com]"
	at java.base/java.lang.NumberFormatException.forInputString(NumberFormatException.java:65)
	at java.base/java.lang.Integer.parseInt(Integer.java:652)
	at java.base/java.lang.Integer.parseInt(Integer.java:770)
	at java_lang_Integer$parseInt.call(Unknown Source)
	at org.codehaus.groovy.runtime.callsite.CallSiteArray.defaultCall(CallSiteArray.java:45)
	at org.codehaus.groovy.runtime.callsite.AbstractCallSite.call(AbstractCallSite.java:125)
	at org.codehaus.groovy.runtime.callsite.AbstractCallSite.call(AbstractCallSite.java:139)
	at io.restassured.internal.common.path.ObjectConverter.convertObjectTo(ObjectConverter.groovy:29)
	at io.restassured.path.json.JsonPath.getInt(JsonPath.java:245)
	at StepDefinitions.AddPlaceAPI.add_place_payload(AddPlaceAPI.java:26)
	at âœ½.Add Place Payload(file:///C:/Users/rahulvaid/Automation%20repos/Main_GIT/CucumberJava/src/test/resources/Features/placeValidations.feature:6)

]]></system-out>
  </testcase>
  <testcase name="Verify user is able to process the response1 items" classname="Validating place API&apos;s" time="0.001">
    <system-out><![CDATA[
Scenario: Verify user is able to process the response1 items # src/test/resources/Features/placeValidations.feature:13
  Given User parses the mocked response                      # StepDefinitions.AddPlaceAPI.User_parses_the_mocked_response()
]]></system-out>
  </testcase>
</testsuite>